<?xml version="1.0" encoding="UTF-8"?>
<testsuite name="com.cedricgasser.fanicon.FaniconApplicationTests" tests="1" skipped="0" failures="0" errors="0" timestamp="2021-05-19T13:29:18" hostname="C640YOGA" time="0.078">
  <properties/>
  <testcase name="testNothing()" classname="com.cedricgasser.fanicon.FaniconApplicationTests" time="0.078"/>
  <system-out><![CDATA[]]></system-out>
  <system-err><![CDATA[]]></system-err>
</testsuite>
